# JRE version: OpenJDK Runtime Environment Temurin-17.0.11+9 (17.0.11+9) (build 17.0.11+9)
# Java VM: OpenJDK 64-Bit Server VM Temurin-17.0.11+9 (17.0.11+9, mixed mode, emulated-client, tiered, compressed oops, compressed class ptrs, g1 gc, windows-amd64)
GC Precious Log:
 CPUs: 8 total, 8 available
 Memory: 16050M
 Large Page Support: Disabled
 NUMA Support: Disabled
 Compressed Oops: Enabled (32-bit)
 Heap Region Size: 1M
 Heap Min Capacity: 8M
 Heap Initial Capacity: 252M
 Heap Max Capacity: 1G
 Pre-touch: Disabled
 Parallel Workers: 8
 Concurrent Workers: 2
 Concurrent Refinement Workers: 8
 Periodic GC: Disabled
Heap:
 garbage-first heap   total 101376K, used 41965K [0x00000000c0000000, 0x0000000100000000)
  region size 1024K, 1 young (1024K), 0 survivors (0K)
 Metaspace       used 64203K, committed 64832K, reserved 1114112K
  class space    used 7915K, committed 8192K, reserved 1048576K
GC Heap History (20 events):
Event: 3903.684 GC heap after
{Heap after GC invocations=258 (full 205):
 garbage-first heap   total 101376K, used 39829K [0x00000000c0000000, 0x0000000100000000)
  region size 1024K, 0 young (0K), 0 survivors (0K)
 Metaspace       used 64150K, committed 64832K, reserved 1114112K
  class space    used 7906K, committed 8192K, reserved 1048576K
}
Event: 3913.795 GC heap before
{Heap before GC invocations=258 (full 205):
 garbage-first heap   total 101376K, used 39829K [0x00000000c0000000, 0x0000000100000000)
  region size 1024K, 1 young (1024K), 0 survivors (0K)
 Metaspace       used 64150K, committed 64832K, reserved 1114112K
  class space    used 7906K, committed 8192K, reserved 1048576K
}
Event: 3913.829 GC heap after
{Heap after GC invocations=259 (full 206):
 garbage-first heap   total 101376K, used 39829K [0x00000000c0000000, 0x0000000100000000)
  region size 1024K, 0 young (0K), 0 survivors (0K)
 Metaspace       used 64150K, committed 64832K, reserved 1114112K
  class space    used 7906K, committed 8192K, reserved 1048576K
}
Event: 3923.942 GC heap before
{Heap before GC invocations=259 (full 206):
 garbage-first heap   total 101376K, used 39829K [0x00000000c0000000, 0x0000000100000000)
  region size 1024K, 1 young (1024K), 0 survivors (0K)
 Metaspace       used 64150K, committed 64832K, reserved 1114112K
  class space    used 7906K, committed 8192K, reserved 1048576K
}
Event: 3923.976 GC heap after
{Heap after GC invocations=260 (full 207):
 garbage-first heap   total 101376K, used 39829K [0x00000000c0000000, 0x0000000100000000)
  region size 1024K, 0 young (0K), 0 survivors (0K)
 Metaspace       used 64150K, committed 64832K, reserved 1114112K
  class space    used 7906K, committed 8192K, reserved 1048576K
}
Event: 3934.078 GC heap before
{Heap before GC invocations=260 (full 207):
 garbage-first heap   total 101376K, used 39829K [0x00000000c0000000, 0x0000000100000000)
  region size 1024K, 1 young (1024K), 0 survivors (0K)
 Metaspace       used 64150K, committed 64832K, reserved 1114112K
  class space    used 7906K, committed 8192K, reserved 1048576K
}
Event: 3934.112 GC heap after
{Heap after GC invocations=261 (full 208):
 garbage-first heap   total 101376K, used 39829K [0x00000000c0000000, 0x0000000100000000)
  region size 1024K, 0 young (0K), 0 survivors (0K)
 Metaspace       used 64150K, committed 64832K, reserved 1114112K
  class space    used 7906K, committed 8192K, reserved 1048576K
}
Event: 3949.731 GC heap before
{Heap before GC invocations=261 (full 208):
 garbage-first heap   total 101376K, used 83861K [0x00000000c0000000, 0x0000000100000000)
  region size 1024K, 43 young (44032K), 0 survivors (0K)
 Metaspace       used 64150K, committed 64832K, reserved 1114112K
  class space    used 7906K, committed 8192K, reserved 1048576K
}
Event: 3949.733 GC heap after
{Heap after GC invocations=262 (full 208):
 garbage-first heap   total 101376K, used 42066K [0x00000000c0000000, 0x0000000100000000)
  region size 1024K, 3 young (3072K), 3 survivors (3072K)
 Metaspace       used 64150K, committed 64832K, reserved 1114112K
  class space    used 7906K, committed 8192K, reserved 1048576K
}
Event: 3981.696 GC heap before
{Heap before GC invocations=262 (full 208):
 garbage-first heap   total 101376K, used 82002K [0x00000000c0000000, 0x0000000100000000)
  region size 1024K, 43 young (44032K), 3 survivors (3072K)
 Metaspace       used 64261K, committed 64832K, reserved 1114112K
  class space    used 7924K, committed 8192K, reserved 1048576K
}
Event: 3981.701 GC heap after
{Heap after GC invocations=263 (full 208):
 garbage-first heap   total 101376K, used 44308K [0x00000000c0000000, 0x0000000100000000)
  region size 1024K, 5 young (5120K), 5 survivors (5120K)
 Metaspace       used 64261K, committed 64832K, reserved 1114112K
  class space    used 7924K, committed 8192K, reserved 1048576K
}
Event: 4014.265 GC heap before
{Heap before GC invocations=263 (full 208):
 garbage-first heap   total 101376K, used 54548K [0x00000000c0000000, 0x0000000100000000)
  region size 1024K, 16 young (16384K), 5 survivors (5120K)
 Metaspace       used 64271K, committed 64832K, reserved 1114112K
  class space    used 7926K, committed 8192K, reserved 1048576K
}
Event: 4014.298 GC heap after
{Heap after GC invocations=264 (full 209):
 garbage-first heap   total 101376K, used 42369K [0x00000000c0000000, 0x0000000100000000)
  region size 1024K, 0 young (0K), 0 survivors (0K)
 Metaspace       used 64271K, committed 64832K, reserved 1114112K
  class space    used 7926K, committed 8192K, reserved 1048576K
}
Event: 4024.404 GC heap before
{Heap before GC invocations=264 (full 209):
 garbage-first heap   total 101376K, used 42369K [0x00000000c0000000, 0x0000000100000000)
  region size 1024K, 1 young (1024K), 0 survivors (0K)
 Metaspace       used 64271K, committed 64832K, reserved 1114112K
  class space    used 7926K, committed 8192K, reserved 1048576K
}
Event: 4024.439 GC heap after
{Heap after GC invocations=265 (full 210):
 garbage-first heap   total 101376K, used 41888K [0x00000000c0000000, 0x0000000100000000)
  region size 1024K, 0 young (0K), 0 survivors (0K)
 Metaspace       used 64203K, committed 64832K, reserved 1114112K
  class space    used 7915K, committed 8192K, reserved 1048576K
}
Event: 4034.546 GC heap before
{Heap before GC invocations=265 (full 210):
 garbage-first heap   total 101376K, used 41888K [0x00000000c0000000, 0x0000000100000000)
  region size 1024K, 1 young (1024K), 0 survivors (0K)
 Metaspace       used 64203K, committed 64832K, reserved 1114112K
  class space    used 7915K, committed 8192K, reserved 1048576K
}
Event: 4034.580 GC heap after
{Heap after GC invocations=266 (full 211):
 garbage-first heap   total 101376K, used 41888K [0x00000000c0000000, 0x0000000100000000)
  region size 1024K, 0 young (0K), 0 survivors (0K)
 Metaspace       used 64203K, committed 64832K, reserved 1114112K
  class space    used 7915K, committed 8192K, reserved 1048576K
}
Event: 4044.693 GC heap before
{Heap before GC invocations=266 (full 211):
 garbage-first heap   total 101376K, used 41888K [0x00000000c0000000, 0x0000000100000000)
  region size 1024K, 1 young (1024K), 0 survivors (0K)
 Metaspace       used 64203K, committed 64832K, reserved 1114112K
  class space    used 7915K, committed 8192K, reserved 1048576K
}
Event: 4044.733 GC heap after
{Heap after GC invocations=267 (full 212):
 garbage-first heap   total 101376K, used 41884K [0x00000000c0000000, 0x0000000100000000)
  region size 1024K, 0 young (0K), 0 survivors (0K)
 Metaspace       used 64203K, committed 64832K, reserved 1114112K
  class space    used 7915K, committed 8192K, reserved 1048576K
}
Event: 4054.833 GC heap before
{Heap before GC invocations=267 (full 212):
 garbage-first heap   total 101376K, used 41884K [0x00000000c0000000, 0x0000000100000000)
  region size 1024K, 1 young (1024K), 0 survivors (0K)
 Metaspace       used 64203K, committed 64832K, reserved 1114112K
  class space    used 7915K, committed 8192K, reserved 1048576K
}

