# JRE version: OpenJDK Runtime Environment Temurin-17.0.11+9 (17.0.11+9) (build 17.0.11+9)
# Java VM: OpenJDK 64-Bit Server VM Temurin-17.0.11+9 (17.0.11+9, mixed mode, tiered, compressed oops, compressed class ptrs, parallel gc, windows-amd64)
GC Precious Log:
 CPUs: 8 total, 8 available
 Memory: 16050M
 Large Page Support: Disabled
 NUMA Support: Disabled
 Compressed Oops: Enabled (32-bit)
 Alignments: Space 512K, Generation 512K, Heap 2M
 Heap Min Capacity: 100M
 Heap Initial Capacity: 100M
 Heap Max Capacity: 1G
 Pre-touch: Disabled
 Parallel Workers: 8
Heap:
 PSYoungGen      total 11264K, used 7649K [0x00000000eab00000, 0x00000000eb900000, 0x0000000100000000)
  eden space 9728K, 76% used [0x00000000eab00000,0x00000000eb240730,0x00000000eb480000)
  from space 1536K, 14% used [0x00000000eb680000,0x00000000eb6b8000,0x00000000eb800000)
  to   space 512K, 0% used [0x00000000eb880000,0x00000000eb880000,0x00000000eb900000)
 ParOldGen       total 166912K, used 158560K [0x00000000c0000000, 0x00000000ca300000, 0x00000000eab00000)
  object space 166912K, 94% used [0x00000000c0000000,0x00000000c9ad8278,0x00000000ca300000)
 Metaspace       used 103262K, committed 104768K, reserved 1179648K
  class space    used 10373K, committed 11072K, reserved 1048576K
GC Heap History (20 events):
Event: 26519.369 GC heap before
{Heap before GC invocations=7583 (full 135):
 PSYoungGen      total 10752K, used 9328K [0x00000000eab00000, 0x00000000eb880000, 0x0000000100000000)
  eden space 6656K, 100% used [0x00000000eab00000,0x00000000eb180000,0x00000000eb180000)
  from space 4096K, 65% used [0x00000000eb180000,0x00000000eb41c3d0,0x00000000eb580000)
  to   space 3072K, 0% used [0x00000000eb580000,0x00000000eb580000,0x00000000eb880000)
 ParOldGen       total 166912K, used 155569K [0x00000000c0000000, 0x00000000ca300000, 0x00000000eab00000)
  object space 166912K, 93% used [0x00000000c0000000,0x00000000c97ec480,0x00000000ca300000)
 Metaspace       used 103259K, committed 104768K, reserved 1179648K
  class space    used 10373K, committed 11072K, reserved 1048576K
}
Event: 26519.371 GC heap after
{Heap after GC invocations=7583 (full 135):
 PSYoungGen      total 10240K, used 2050K [0x00000000eab00000, 0x00000000eb800000, 0x0000000100000000)
  eden space 7680K, 0% used [0x00000000eab00000,0x00000000eab00000,0x00000000eb280000)
  from space 2560K, 80% used [0x00000000eb580000,0x00000000eb7808b0,0x00000000eb800000)
  to   space 2560K, 0% used [0x00000000eb300000,0x00000000eb300000,0x00000000eb580000)
 ParOldGen       total 166912K, used 155833K [0x00000000c0000000, 0x00000000ca300000, 0x00000000eab00000)
  object space 166912K, 93% used [0x00000000c0000000,0x00000000c982e480,0x00000000ca300000)
 Metaspace       used 103259K, committed 104768K, reserved 1179648K
  class space    used 10373K, committed 11072K, reserved 1048576K
}
Event: 26519.384 GC heap before
{Heap before GC invocations=7584 (full 135):
 PSYoungGen      total 10240K, used 9730K [0x00000000eab00000, 0x00000000eb800000, 0x0000000100000000)
  eden space 7680K, 100% used [0x00000000eab00000,0x00000000eb280000,0x00000000eb280000)
  from space 2560K, 80% used [0x00000000eb580000,0x00000000eb7808b0,0x00000000eb800000)
  to   space 2560K, 0% used [0x00000000eb300000,0x00000000eb300000,0x00000000eb580000)
 ParOldGen       total 166912K, used 155833K [0x00000000c0000000, 0x00000000ca300000, 0x00000000eab00000)
  object space 166912K, 93% used [0x00000000c0000000,0x00000000c982e480,0x00000000ca300000)
 Metaspace       used 103259K, committed 104768K, reserved 1179648K
  class space    used 10373K, committed 11072K, reserved 1048576K
}
Event: 26519.387 GC heap after
{Heap after GC invocations=7584 (full 135):
 PSYoungGen      total 10752K, used 1709K [0x00000000eab00000, 0x00000000eb780000, 0x0000000100000000)
  eden space 8192K, 0% used [0x00000000eab00000,0x00000000eab00000,0x00000000eb300000)
  from space 2560K, 66% used [0x00000000eb300000,0x00000000eb4ab6b0,0x00000000eb580000)
  to   space 2048K, 0% used [0x00000000eb580000,0x00000000eb580000,0x00000000eb780000)
 ParOldGen       total 166912K, used 155865K [0x00000000c0000000, 0x00000000ca300000, 0x00000000eab00000)
  object space 166912K, 93% used [0x00000000c0000000,0x00000000c9836480,0x00000000ca300000)
 Metaspace       used 103259K, committed 104768K, reserved 1179648K
  class space    used 10373K, committed 11072K, reserved 1048576K
}
Event: 26519.406 GC heap before
{Heap before GC invocations=7585 (full 135):
 PSYoungGen      total 10752K, used 9901K [0x00000000eab00000, 0x00000000eb780000, 0x0000000100000000)
  eden space 8192K, 100% used [0x00000000eab00000,0x00000000eb300000,0x00000000eb300000)
  from space 2560K, 66% used [0x00000000eb300000,0x00000000eb4ab6b0,0x00000000eb580000)
  to   space 2048K, 0% used [0x00000000eb580000,0x00000000eb580000,0x00000000eb780000)
 ParOldGen       total 166912K, used 155865K [0x00000000c0000000, 0x00000000ca300000, 0x00000000eab00000)
  object space 166912K, 93% used [0x00000000c0000000,0x00000000c9836480,0x00000000ca300000)
 Metaspace       used 103259K, committed 104768K, reserved 1179648K
  class space    used 10373K, committed 11072K, reserved 1048576K
}
Event: 26519.408 GC heap after
{Heap after GC invocations=7585 (full 135):
 PSYoungGen      total 10240K, used 2045K [0x00000000eab00000, 0x00000000eb980000, 0x0000000100000000)
  eden space 8192K, 0% used [0x00000000eab00000,0x00000000eab00000,0x00000000eb300000)
  from space 2048K, 99% used [0x00000000eb580000,0x00000000eb77f680,0x00000000eb780000)
  to   space 2560K, 0% used [0x00000000eb300000,0x00000000eb300000,0x00000000eb580000)
 ParOldGen       total 166912K, used 156030K [0x00000000c0000000, 0x00000000ca300000, 0x00000000eab00000)
  object space 166912K, 93% used [0x00000000c0000000,0x00000000c985f9a8,0x00000000ca300000)
 Metaspace       used 103259K, committed 104768K, reserved 1179648K
  class space    used 10373K, committed 11072K, reserved 1048576K
}
Event: 32094.973 GC heap before
{Heap before GC invocations=7586 (full 135):
 PSYoungGen      total 10240K, used 10237K [0x00000000eab00000, 0x00000000eb980000, 0x0000000100000000)
  eden space 8192K, 100% used [0x00000000eab00000,0x00000000eb300000,0x00000000eb300000)
  from space 2048K, 99% used [0x00000000eb580000,0x00000000eb77f680,0x00000000eb780000)
  to   space 2560K, 0% used [0x00000000eb300000,0x00000000eb300000,0x00000000eb580000)
 ParOldGen       total 166912K, used 156030K [0x00000000c0000000, 0x00000000ca300000, 0x00000000eab00000)
  object space 166912K, 93% used [0x00000000c0000000,0x00000000c985f9a8,0x00000000ca300000)
 Metaspace       used 103259K, committed 104768K, reserved 1179648K
  class space    used 10373K, committed 11072K, reserved 1048576K
}
Event: 32094.976 GC heap after
{Heap after GC invocations=7586 (full 135):
 PSYoungGen      total 10752K, used 2553K [0x00000000eab00000, 0x00000000eb900000, 0x0000000100000000)
  eden space 8192K, 0% used [0x00000000eab00000,0x00000000eab00000,0x00000000eb300000)
  from space 2560K, 99% used [0x00000000eb300000,0x00000000eb57e450,0x00000000eb580000)
  to   space 3072K, 0% used [0x00000000eb600000,0x00000000eb600000,0x00000000eb900000)
 ParOldGen       total 166912K, used 156387K [0x00000000c0000000, 0x00000000ca300000, 0x00000000eab00000)
  object space 166912K, 93% used [0x00000000c0000000,0x00000000c98b8df8,0x00000000ca300000)
 Metaspace       used 103259K, committed 104768K, reserved 1179648K
  class space    used 10373K, committed 11072K, reserved 1048576K
}
Event: 32094.982 GC heap before
{Heap before GC invocations=7587 (full 135):
 PSYoungGen      total 10752K, used 10745K [0x00000000eab00000, 0x00000000eb900000, 0x0000000100000000)
  eden space 8192K, 100% used [0x00000000eab00000,0x00000000eb300000,0x00000000eb300000)
  from space 2560K, 99% used [0x00000000eb300000,0x00000000eb57e450,0x00000000eb580000)
  to   space 3072K, 0% used [0x00000000eb600000,0x00000000eb600000,0x00000000eb900000)
 ParOldGen       total 166912K, used 156387K [0x00000000c0000000, 0x00000000ca300000, 0x00000000eab00000)
  object space 166912K, 93% used [0x00000000c0000000,0x00000000c98b8df8,0x00000000ca300000)
 Metaspace       used 103259K, committed 104768K, reserved 1179648K
  class space    used 10373K, committed 11072K, reserved 1048576K
}
Event: 32094.985 GC heap after
{Heap after GC invocations=7587 (full 135):
 PSYoungGen      total 11264K, used 2950K [0x00000000eab00000, 0x00000000eb900000, 0x0000000100000000)
  eden space 8192K, 0% used [0x00000000eab00000,0x00000000eab00000,0x00000000eb300000)
  from space 3072K, 96% used [0x00000000eb600000,0x00000000eb8e1860,0x00000000eb900000)
  to   space 3072K, 0% used [0x00000000eb300000,0x00000000eb300000,0x00000000eb600000)
 ParOldGen       total 166912K, used 157160K [0x00000000c0000000, 0x00000000ca300000, 0x00000000eab00000)
  object space 166912K, 94% used [0x00000000c0000000,0x00000000c997a018,0x00000000ca300000)
 Metaspace       used 103259K, committed 104768K, reserved 1179648K
  class space    used 10373K, committed 11072K, reserved 1048576K
}
Event: 32094.989 GC heap before
{Heap before GC invocations=7588 (full 135):
 PSYoungGen      total 11264K, used 11142K [0x00000000eab00000, 0x00000000eb900000, 0x0000000100000000)
  eden space 8192K, 100% used [0x00000000eab00000,0x00000000eb300000,0x00000000eb300000)
  from space 3072K, 96% used [0x00000000eb600000,0x00000000eb8e1860,0x00000000eb900000)
  to   space 3072K, 0% used [0x00000000eb300000,0x00000000eb300000,0x00000000eb600000)
 ParOldGen       total 166912K, used 157160K [0x00000000c0000000, 0x00000000ca300000, 0x00000000eab00000)
  object space 166912K, 94% used [0x00000000c0000000,0x00000000c997a018,0x00000000ca300000)
 Metaspace       used 103259K, committed 104768K, reserved 1179648K
  class space    used 10373K, committed 11072K, reserved 1048576K
}
Event: 32094.991 GC heap after
{Heap after GC invocations=7588 (full 135):
 PSYoungGen      total 11264K, used 2745K [0x00000000eab00000, 0x00000000eba80000, 0x0000000100000000)
  eden space 8192K, 0% used [0x00000000eab00000,0x00000000eab00000,0x00000000eb300000)
  from space 3072K, 89% used [0x00000000eb300000,0x00000000eb5ae7f0,0x00000000eb600000)
  to   space 3072K, 0% used [0x00000000eb780000,0x00000000eb780000,0x00000000eba80000)
 ParOldGen       total 166912K, used 157240K [0x00000000c0000000, 0x00000000ca300000, 0x00000000eab00000)
  object space 166912K, 94% used [0x00000000c0000000,0x00000000c998e018,0x00000000ca300000)
 Metaspace       used 103259K, committed 104768K, reserved 1179648K
  class space    used 10373K, committed 11072K, reserved 1048576K
}
Event: 32094.996 GC heap before
{Heap before GC invocations=7589 (full 135):
 PSYoungGen      total 11264K, used 10937K [0x00000000eab00000, 0x00000000eba80000, 0x0000000100000000)
  eden space 8192K, 100% used [0x00000000eab00000,0x00000000eb300000,0x00000000eb300000)
  from space 3072K, 89% used [0x00000000eb300000,0x00000000eb5ae7f0,0x00000000eb600000)
  to   space 3072K, 0% used [0x00000000eb780000,0x00000000eb780000,0x00000000eba80000)
 ParOldGen       total 166912K, used 157240K [0x00000000c0000000, 0x00000000ca300000, 0x00000000eab00000)
  object space 166912K, 94% used [0x00000000c0000000,0x00000000c998e018,0x00000000ca300000)
 Metaspace       used 103259K, committed 104768K, reserved 1179648K
  class space    used 10373K, committed 11072K, reserved 1048576K
}
Event: 32094.998 GC heap after
{Heap after GC invocations=7589 (full 135):
 PSYoungGen      total 12800K, used 2837K [0x00000000eab00000, 0x00000000eba80000, 0x0000000100000000)
  eden space 9728K, 0% used [0x00000000eab00000,0x00000000eab00000,0x00000000eb480000)
  from space 3072K, 92% used [0x00000000eb780000,0x00000000eba455c0,0x00000000eba80000)
  to   space 3072K, 0% used [0x00000000eb480000,0x00000000eb480000,0x00000000eb780000)
 ParOldGen       total 166912K, used 157264K [0x00000000c0000000, 0x00000000ca300000, 0x00000000eab00000)
  object space 166912K, 94% used [0x00000000c0000000,0x00000000c9994018,0x00000000ca300000)
 Metaspace       used 103259K, committed 104768K, reserved 1179648K
  class space    used 10373K, committed 11072K, reserved 1048576K
}
Event: 32095.008 GC heap before
{Heap before GC invocations=7590 (full 135):
 PSYoungGen      total 12800K, used 12565K [0x00000000eab00000, 0x00000000eba80000, 0x0000000100000000)
  eden space 9728K, 100% used [0x00000000eab00000,0x00000000eb480000,0x00000000eb480000)
  from space 3072K, 92% used [0x00000000eb780000,0x00000000eba455c0,0x00000000eba80000)
  to   space 3072K, 0% used [0x00000000eb480000,0x00000000eb480000,0x00000000eb780000)
 ParOldGen       total 166912K, used 157264K [0x00000000c0000000, 0x00000000ca300000, 0x00000000eab00000)
  object space 166912K, 94% used [0x00000000c0000000,0x00000000c9994018,0x00000000ca300000)
 Metaspace       used 103259K, committed 104768K, reserved 1179648K
  class space    used 10373K, committed 11072K, reserved 1048576K
}
Event: 32095.011 GC heap after
{Heap after GC invocations=7590 (full 135):
 PSYoungGen      total 12800K, used 1805K [0x00000000eab00000, 0x00000000ebb00000, 0x0000000100000000)
  eden space 9728K, 0% used [0x00000000eab00000,0x00000000eab00000,0x00000000eb480000)
  from space 3072K, 58% used [0x00000000eb480000,0x00000000eb643690,0x00000000eb780000)
  to   space 2560K, 0% used [0x00000000eb880000,0x00000000eb880000,0x00000000ebb00000)
 ParOldGen       total 166912K, used 158044K [0x00000000c0000000, 0x00000000ca300000, 0x00000000eab00000)
  object space 166912K, 94% used [0x00000000c0000000,0x00000000c9a57218,0x00000000ca300000)
 Metaspace       used 103259K, committed 104768K, reserved 1179648K
  class space    used 10373K, committed 11072K, reserved 1048576K
}
Event: 32095.027 GC heap before
{Heap before GC invocations=7591 (full 135):
 PSYoungGen      total 12800K, used 11533K [0x00000000eab00000, 0x00000000ebb00000, 0x0000000100000000)
  eden space 9728K, 100% used [0x00000000eab00000,0x00000000eb480000,0x00000000eb480000)
  from space 3072K, 58% used [0x00000000eb480000,0x00000000eb643690,0x00000000eb780000)
  to   space 2560K, 0% used [0x00000000eb880000,0x00000000eb880000,0x00000000ebb00000)
 ParOldGen       total 166912K, used 158044K [0x00000000c0000000, 0x00000000ca300000, 0x00000000eab00000)
  object space 166912K, 94% used [0x00000000c0000000,0x00000000c9a57218,0x00000000ca300000)
 Metaspace       used 103259K, committed 104768K, reserved 1179648K
  class space    used 10373K, committed 11072K, reserved 1048576K
}
Event: 32095.029 GC heap after
{Heap after GC invocations=7591 (full 135):
 PSYoungGen      total 10752K, used 570K [0x00000000eab00000, 0x00000000eb980000, 0x0000000100000000)
  eden space 9728K, 0% used [0x00000000eab00000,0x00000000eab00000,0x00000000eb480000)
  from space 1024K, 55% used [0x00000000eb880000,0x00000000eb90e920,0x00000000eb980000)
  to   space 1536K, 0% used [0x00000000eb680000,0x00000000eb680000,0x00000000eb800000)
 ParOldGen       total 166912K, used 158560K [0x00000000c0000000, 0x00000000ca300000, 0x00000000eab00000)
  object space 166912K, 94% used [0x00000000c0000000,0x00000000c9ad8278,0x00000000ca300000)
 Metaspace       used 103259K, committed 104768K, reserved 1179648K
  class space    used 10373K, committed 11072K, reserved 1048576K
}
Event: 32471.489 GC heap before
{Heap before GC invocations=7592 (full 135):
 PSYoungGen      total 10752K, used 10298K [0x00000000eab00000, 0x00000000eb980000, 0x0000000100000000)
  eden space 9728K, 100% used [0x00000000eab00000,0x00000000eb480000,0x00000000eb480000)
  from space 1024K, 55% used [0x00000000eb880000,0x00000000eb90e920,0x00000000eb980000)
  to   space 1536K, 0% used [0x00000000eb680000,0x00000000eb680000,0x00000000eb800000)
 ParOldGen       total 166912K, used 158560K [0x00000000c0000000, 0x00000000ca300000, 0x00000000eab00000)
  object space 166912K, 94% used [0x00000000c0000000,0x00000000c9ad8278,0x00000000ca300000)
 Metaspace       used 103262K, committed 104768K, reserved 1179648K
  class space    used 10373K, committed 11072K, reserved 1048576K
}
Event: 32471.491 GC heap after
{Heap after GC invocations=7592 (full 135):
 PSYoungGen      total 11264K, used 224K [0x00000000eab00000, 0x00000000eb900000, 0x0000000100000000)
  eden space 9728K, 0% used [0x00000000eab00000,0x00000000eab00000,0x00000000eb480000)
  from space 1536K, 14% used [0x00000000eb680000,0x00000000eb6b8000,0x00000000eb800000)
  to   space 512K, 0% used [0x00000000eb880000,0x00000000eb880000,0x00000000eb900000)
 ParOldGen       total 166912K, used 158560K [0x00000000c0000000, 0x00000000ca300000, 0x00000000eab00000)
  object space 166912K, 94% used [0x00000000c0000000,0x00000000c9ad8278,0x00000000ca300000)
 Metaspace       used 103262K, committed 104768K, reserved 1179648K
  class space    used 10373K, committed 11072K, reserved 1048576K
}

