# JRE version: OpenJDK Runtime Environment Temurin-17.0.11+9 (17.0.11+9) (build 17.0.11+9)
# Java VM: OpenJDK 64-Bit Server VM Temurin-17.0.11+9 (17.0.11+9, mixed mode, tiered, compressed oops, compressed class ptrs, parallel gc, windows-amd64)
GC Precious Log:
 CPUs: 8 total, 8 available
 Memory: 16050M
 Large Page Support: Disabled
 NUMA Support: Disabled
 Compressed Oops: Enabled (32-bit)
 Alignments: Space 512K, Generation 512K, Heap 2M
 Heap Min Capacity: 100M
 Heap Initial Capacity: 100M
 Heap Max Capacity: 1G
 Pre-touch: Disabled
 Parallel Workers: 8
Heap:
 PSYoungGen      total 10240K, used 1901K [0x00000000eab00000, 0x00000000eb800000, 0x0000000100000000)
  eden space 8192K, 0% used [0x00000000eab00000,0x00000000eab00000,0x00000000eb300000)
  from space 2048K, 92% used [0x00000000eb500000,0x00000000eb6db400,0x00000000eb700000)
  to   space 1024K, 0% used [0x00000000eb700000,0x00000000eb700000,0x00000000eb800000)
 ParOldGen       total 168960K, used 167694K [0x00000000c0000000, 0x00000000ca500000, 0x00000000eab00000)
  object space 168960K, 99% used [0x00000000c0000000,0x00000000ca3c3b20,0x00000000ca500000)
 Metaspace       used 100983K, committed 102464K, reserved 1179648K
  class space    used 10499K, committed 11136K, reserved 1048576K
GC Heap History (20 events):
Event: 7619.768 GC heap after
{Heap after GC invocations=3303 (full 67):
 PSYoungGen      total 8704K, used 224K [0x00000000eab00000, 0x00000000eb580000, 0x0000000100000000)
  eden space 8192K, 0% used [0x00000000eab00000,0x00000000eab00000,0x00000000eb300000)
  from space 512K, 43% used [0x00000000eb500000,0x00000000eb538000,0x00000000eb580000)
  to   space 1024K, 0% used [0x00000000eb380000,0x00000000eb380000,0x00000000eb480000)
 ParOldGen       total 168960K, used 155764K [0x00000000c0000000, 0x00000000ca500000, 0x00000000eab00000)
  object space 168960K, 92% used [0x00000000c0000000,0x00000000c981d200,0x00000000ca500000)
 Metaspace       used 100973K, committed 102464K, reserved 1179648K
  class space    used 10499K, committed 11136K, reserved 1048576K
}
Event: 7619.847 GC heap before
{Heap before GC invocations=3304 (full 67):
 PSYoungGen      total 8704K, used 8416K [0x00000000eab00000, 0x00000000eb580000, 0x0000000100000000)
  eden space 8192K, 100% used [0x00000000eab00000,0x00000000eb300000,0x00000000eb300000)
  from space 512K, 43% used [0x00000000eb500000,0x00000000eb538000,0x00000000eb580000)
  to   space 1024K, 0% used [0x00000000eb380000,0x00000000eb380000,0x00000000eb480000)
 ParOldGen       total 168960K, used 155764K [0x00000000c0000000, 0x00000000ca500000, 0x00000000eab00000)
  object space 168960K, 92% used [0x00000000c0000000,0x00000000c981d200,0x00000000ca500000)
 Metaspace       used 100973K, committed 102464K, reserved 1179648K
  class space    used 10499K, committed 11136K, reserved 1048576K
}
Event: 7619.849 GC heap after
{Heap after GC invocations=3304 (full 67):
 PSYoungGen      total 9216K, used 1002K [0x00000000eab00000, 0x00000000ec000000, 0x0000000100000000)
  eden space 8192K, 0% used [0x00000000eab00000,0x00000000eab00000,0x00000000eb300000)
  from space 1024K, 97% used [0x00000000eb380000,0x00000000eb47aa50,0x00000000eb480000)
  to   space 6656K, 0% used [0x00000000eb980000,0x00000000eb980000,0x00000000ec000000)
 ParOldGen       total 168960K, used 160444K [0x00000000c0000000, 0x00000000ca500000, 0x00000000eab00000)
  object space 168960K, 94% used [0x00000000c0000000,0x00000000c9caf200,0x00000000ca500000)
 Metaspace       used 100973K, committed 102464K, reserved 1179648K
  class space    used 10499K, committed 11136K, reserved 1048576K
}
Event: 7619.859 GC heap before
{Heap before GC invocations=3305 (full 67):
 PSYoungGen      total 9216K, used 9194K [0x00000000eab00000, 0x00000000ec000000, 0x0000000100000000)
  eden space 8192K, 100% used [0x00000000eab00000,0x00000000eb300000,0x00000000eb300000)
  from space 1024K, 97% used [0x00000000eb380000,0x00000000eb47aa50,0x00000000eb480000)
  to   space 6656K, 0% used [0x00000000eb980000,0x00000000eb980000,0x00000000ec000000)
 ParOldGen       total 168960K, used 160444K [0x00000000c0000000, 0x00000000ca500000, 0x00000000eab00000)
  object space 168960K, 94% used [0x00000000c0000000,0x00000000c9caf200,0x00000000ca500000)
 Metaspace       used 100973K, committed 102464K, reserved 1179648K
  class space    used 10499K, committed 11136K, reserved 1048576K
}
Event: 7619.861 GC heap after
{Heap after GC invocations=3305 (full 67):
 PSYoungGen      total 9728K, used 1210K [0x00000000eab00000, 0x00000000ebb00000, 0x0000000100000000)
  eden space 8192K, 0% used [0x00000000eab00000,0x00000000eab00000,0x00000000eb300000)
  from space 1536K, 78% used [0x00000000eb980000,0x00000000ebaae900,0x00000000ebb00000)
  to   space 3072K, 0% used [0x00000000eb500000,0x00000000eb500000,0x00000000eb800000)
 ParOldGen       total 168960K, used 161409K [0x00000000c0000000, 0x00000000ca500000, 0x00000000eab00000)
  object space 168960K, 95% used [0x00000000c0000000,0x00000000c9da0570,0x00000000ca500000)
 Metaspace       used 100973K, committed 102464K, reserved 1179648K
  class space    used 10499K, committed 11136K, reserved 1048576K
}
Event: 7619.872 GC heap before
{Heap before GC invocations=3306 (full 67):
 PSYoungGen      total 9728K, used 9402K [0x00000000eab00000, 0x00000000ebb00000, 0x0000000100000000)
  eden space 8192K, 100% used [0x00000000eab00000,0x00000000eb300000,0x00000000eb300000)
  from space 1536K, 78% used [0x00000000eb980000,0x00000000ebaae900,0x00000000ebb00000)
  to   space 3072K, 0% used [0x00000000eb500000,0x00000000eb500000,0x00000000eb800000)
 ParOldGen       total 168960K, used 161409K [0x00000000c0000000, 0x00000000ca500000, 0x00000000eab00000)
  object space 168960K, 95% used [0x00000000c0000000,0x00000000c9da0570,0x00000000ca500000)
 Metaspace       used 100973K, committed 102464K, reserved 1179648K
  class space    used 10499K, committed 11136K, reserved 1048576K
}
Event: 7619.873 GC heap after
{Heap after GC invocations=3306 (full 67):
 PSYoungGen      total 11264K, used 1140K [0x00000000eab00000, 0x00000000eba00000, 0x0000000100000000)
  eden space 8192K, 0% used [0x00000000eab00000,0x00000000eab00000,0x00000000eb300000)
  from space 3072K, 37% used [0x00000000eb500000,0x00000000eb61d200,0x00000000eb800000)
  to   space 1536K, 0% used [0x00000000eb880000,0x00000000eb880000,0x00000000eba00000)
 ParOldGen       total 168960K, used 162409K [0x00000000c0000000, 0x00000000ca500000, 0x00000000eab00000)
  object space 168960K, 96% used [0x00000000c0000000,0x00000000c9e9a570,0x00000000ca500000)
 Metaspace       used 100973K, committed 102464K, reserved 1179648K
  class space    used 10499K, committed 11136K, reserved 1048576K
}
Event: 7619.981 GC heap before
{Heap before GC invocations=3307 (full 67):
 PSYoungGen      total 11264K, used 9332K [0x00000000eab00000, 0x00000000eba00000, 0x0000000100000000)
  eden space 8192K, 100% used [0x00000000eab00000,0x00000000eb300000,0x00000000eb300000)
  from space 3072K, 37% used [0x00000000eb500000,0x00000000eb61d200,0x00000000eb800000)
  to   space 1536K, 0% used [0x00000000eb880000,0x00000000eb880000,0x00000000eba00000)
 ParOldGen       total 168960K, used 162409K [0x00000000c0000000, 0x00000000ca500000, 0x00000000eab00000)
  object space 168960K, 96% used [0x00000000c0000000,0x00000000c9e9a570,0x00000000ca500000)
 Metaspace       used 100981K, committed 102464K, reserved 1179648K
  class space    used 10499K, committed 11136K, reserved 1048576K
}
Event: 7619.982 GC heap after
{Heap after GC invocations=3307 (full 67):
 PSYoungGen      total 9216K, used 554K [0x00000000eab00000, 0x00000000eb980000, 0x0000000100000000)
  eden space 8192K, 0% used [0x00000000eab00000,0x00000000eab00000,0x00000000eb300000)
  from space 1024K, 54% used [0x00000000eb880000,0x00000000eb90a910,0x00000000eb980000)
  to   space 1024K, 0% used [0x00000000eb780000,0x00000000eb780000,0x00000000eb880000)
 ParOldGen       total 168960K, used 163399K [0x00000000c0000000, 0x00000000ca500000, 0x00000000eab00000)
  object space 168960K, 96% used [0x00000000c0000000,0x00000000c9f91e28,0x00000000ca500000)
 Metaspace       used 100981K, committed 102464K, reserved 1179648K
  class space    used 10499K, committed 11136K, reserved 1048576K
}
Event: 7620.257 GC heap before
{Heap before GC invocations=3308 (full 67):
 PSYoungGen      total 9216K, used 8746K [0x00000000eab00000, 0x00000000eb980000, 0x0000000100000000)
  eden space 8192K, 100% used [0x00000000eab00000,0x00000000eb300000,0x00000000eb300000)
  from space 1024K, 54% used [0x00000000eb880000,0x00000000eb90a910,0x00000000eb980000)
  to   space 1024K, 0% used [0x00000000eb780000,0x00000000eb780000,0x00000000eb880000)
 ParOldGen       total 168960K, used 163399K [0x00000000c0000000, 0x00000000ca500000, 0x00000000eab00000)
  object space 168960K, 96% used [0x00000000c0000000,0x00000000c9f91e28,0x00000000ca500000)
 Metaspace       used 100982K, committed 102464K, reserved 1179648K
  class space    used 10499K, committed 11136K, reserved 1048576K
}
Event: 7620.258 GC heap after
{Heap after GC invocations=3308 (full 67):
 PSYoungGen      total 9216K, used 1008K [0x00000000eab00000, 0x00000000ebc00000, 0x0000000100000000)
  eden space 8192K, 0% used [0x00000000eab00000,0x00000000eab00000,0x00000000eb300000)
  from space 1024K, 98% used [0x00000000eb780000,0x00000000eb87c150,0x00000000eb880000)
  to   space 3584K, 0% used [0x00000000eb880000,0x00000000eb880000,0x00000000ebc00000)
 ParOldGen       total 168960K, used 166015K [0x00000000c0000000, 0x00000000ca500000, 0x00000000eab00000)
  object space 168960K, 98% used [0x00000000c0000000,0x00000000ca21fe28,0x00000000ca500000)
 Metaspace       used 100982K, committed 102464K, reserved 1179648K
  class space    used 10499K, committed 11136K, reserved 1048576K
}
Event: 7620.269 GC heap before
{Heap before GC invocations=3309 (full 67):
 PSYoungGen      total 9216K, used 9200K [0x00000000eab00000, 0x00000000ebc00000, 0x0000000100000000)
  eden space 8192K, 100% used [0x00000000eab00000,0x00000000eb300000,0x00000000eb300000)
  from space 1024K, 98% used [0x00000000eb780000,0x00000000eb87c150,0x00000000eb880000)
  to   space 3584K, 0% used [0x00000000eb880000,0x00000000eb880000,0x00000000ebc00000)
 ParOldGen       total 168960K, used 166015K [0x00000000c0000000, 0x00000000ca500000, 0x00000000eab00000)
  object space 168960K, 98% used [0x00000000c0000000,0x00000000ca21fe28,0x00000000ca500000)
 Metaspace       used 100982K, committed 102464K, reserved 1179648K
  class space    used 10499K, committed 11136K, reserved 1048576K
}
Event: 7620.270 GC heap after
{Heap after GC invocations=3309 (full 67):
 PSYoungGen      total 9216K, used 1018K [0x00000000eab00000, 0x00000000eb980000, 0x0000000100000000)
  eden space 8192K, 0% used [0x00000000eab00000,0x00000000eab00000,0x00000000eb300000)
  from space 1024K, 99% used [0x00000000eb880000,0x00000000eb97e900,0x00000000eb980000)
  to   space 2048K, 0% used [0x00000000eb580000,0x00000000eb580000,0x00000000eb780000)
 ParOldGen       total 168960K, used 166143K [0x00000000c0000000, 0x00000000ca500000, 0x00000000eab00000)
  object space 168960K, 98% used [0x00000000c0000000,0x00000000ca23fe48,0x00000000ca500000)
 Metaspace       used 100982K, committed 102464K, reserved 1179648K
  class space    used 10499K, committed 11136K, reserved 1048576K
}
Event: 7620.281 GC heap before
{Heap before GC invocations=3310 (full 67):
 PSYoungGen      total 9216K, used 9210K [0x00000000eab00000, 0x00000000eb980000, 0x0000000100000000)
  eden space 8192K, 100% used [0x00000000eab00000,0x00000000eb300000,0x00000000eb300000)
  from space 1024K, 99% used [0x00000000eb880000,0x00000000eb97e900,0x00000000eb980000)
  to   space 2048K, 0% used [0x00000000eb580000,0x00000000eb580000,0x00000000eb780000)
 ParOldGen       total 168960K, used 166143K [0x00000000c0000000, 0x00000000ca500000, 0x00000000eab00000)
  object space 168960K, 98% used [0x00000000c0000000,0x00000000ca23fe48,0x00000000ca500000)
 Metaspace       used 100982K, committed 102464K, reserved 1179648K
  class space    used 10499K, committed 11136K, reserved 1048576K
}
Event: 7620.282 GC heap after
{Heap after GC invocations=3310 (full 67):
 PSYoungGen      total 10240K, used 846K [0x00000000eab00000, 0x00000000eb900000, 0x0000000100000000)
  eden space 8192K, 0% used [0x00000000eab00000,0x00000000eab00000,0x00000000eb300000)
  from space 2048K, 41% used [0x00000000eb580000,0x00000000eb653b00,0x00000000eb780000)
  to   space 1536K, 0% used [0x00000000eb780000,0x00000000eb780000,0x00000000eb900000)
 ParOldGen       total 168960K, used 166143K [0x00000000c0000000, 0x00000000ca500000, 0x00000000eab00000)
  object space 168960K, 98% used [0x00000000c0000000,0x00000000ca23fe48,0x00000000ca500000)
 Metaspace       used 100982K, committed 102464K, reserved 1179648K
  class space    used 10499K, committed 11136K, reserved 1048576K
}
Event: 7626.162 GC heap before
{Heap before GC invocations=3311 (full 67):
 PSYoungGen      total 10240K, used 9038K [0x00000000eab00000, 0x00000000eb900000, 0x0000000100000000)
  eden space 8192K, 100% used [0x00000000eab00000,0x00000000eb300000,0x00000000eb300000)
  from space 2048K, 41% used [0x00000000eb580000,0x00000000eb653b00,0x00000000eb780000)
  to   space 1536K, 0% used [0x00000000eb780000,0x00000000eb780000,0x00000000eb900000)
 ParOldGen       total 168960K, used 166143K [0x00000000c0000000, 0x00000000ca500000, 0x00000000eab00000)
  object space 168960K, 98% used [0x00000000c0000000,0x00000000ca23fe48,0x00000000ca500000)
 Metaspace       used 100983K, committed 102464K, reserved 1179648K
  class space    used 10499K, committed 11136K, reserved 1048576K
}
Event: 7626.163 GC heap after
{Heap after GC invocations=3311 (full 67):
 PSYoungGen      total 9728K, used 1529K [0x00000000eab00000, 0x00000000eb900000, 0x0000000100000000)
  eden space 8192K, 0% used [0x00000000eab00000,0x00000000eab00000,0x00000000eb300000)
  from space 1536K, 99% used [0x00000000eb780000,0x00000000eb8fe430,0x00000000eb900000)
  to   space 2048K, 0% used [0x00000000eb500000,0x00000000eb500000,0x00000000eb700000)
 ParOldGen       total 168960K, used 166252K [0x00000000c0000000, 0x00000000ca500000, 0x00000000eab00000)
  object space 168960K, 98% used [0x00000000c0000000,0x00000000ca25b048,0x00000000ca500000)
 Metaspace       used 100983K, committed 102464K, reserved 1179648K
  class space    used 10499K, committed 11136K, reserved 1048576K
}
Event: 7626.167 GC heap before
{Heap before GC invocations=3312 (full 67):
 PSYoungGen      total 9728K, used 9721K [0x00000000eab00000, 0x00000000eb900000, 0x0000000100000000)
  eden space 8192K, 100% used [0x00000000eab00000,0x00000000eb300000,0x00000000eb300000)
  from space 1536K, 99% used [0x00000000eb780000,0x00000000eb8fe430,0x00000000eb900000)
  to   space 2048K, 0% used [0x00000000eb500000,0x00000000eb500000,0x00000000eb700000)
 ParOldGen       total 168960K, used 166252K [0x00000000c0000000, 0x00000000ca500000, 0x00000000eab00000)
  object space 168960K, 98% used [0x00000000c0000000,0x00000000ca25b048,0x00000000ca500000)
 Metaspace       used 100983K, committed 102464K, reserved 1179648K
  class space    used 10499K, committed 11136K, reserved 1048576K
}
Event: 7626.169 GC heap after
{Heap after GC invocations=3312 (full 67):
 PSYoungGen      total 10240K, used 1901K [0x00000000eab00000, 0x00000000eb800000, 0x0000000100000000)
  eden space 8192K, 0% used [0x00000000eab00000,0x00000000eab00000,0x00000000eb300000)
  from space 2048K, 92% used [0x00000000eb500000,0x00000000eb6db400,0x00000000eb700000)
  to   space 1024K, 0% used [0x00000000eb700000,0x00000000eb700000,0x00000000eb800000)
 ParOldGen       total 168960K, used 167694K [0x00000000c0000000, 0x00000000ca500000, 0x00000000eab00000)
  object space 168960K, 99% used [0x00000000c0000000,0x00000000ca3c3b20,0x00000000ca500000)
 Metaspace       used 100983K, committed 102464K, reserved 1179648K
  class space    used 10499K, committed 11136K, reserved 1048576K
}
Event: 7626.169 GC heap before
{Heap before GC invocations=3313 (full 68):
 PSYoungGen      total 10240K, used 1901K [0x00000000eab00000, 0x00000000eb800000, 0x0000000100000000)
  eden space 8192K, 0% used [0x00000000eab00000,0x00000000eab00000,0x00000000eb300000)
  from space 2048K, 92% used [0x00000000eb500000,0x00000000eb6db400,0x00000000eb700000)
  to   space 1024K, 0% used [0x00000000eb700000,0x00000000eb700000,0x00000000eb800000)
 ParOldGen       total 168960K, used 167694K [0x00000000c0000000, 0x00000000ca500000, 0x00000000eab00000)
  object space 168960K, 99% used [0x00000000c0000000,0x00000000ca3c3b20,0x00000000ca500000)
 Metaspace       used 100983K, committed 102464K, reserved 1179648K
  class space    used 10499K, committed 11136K, reserved 1048576K
}

